12.914000000000001
Traceback (most recent call last):
  File "C:\Users\kose\Downloads\request5\main2.py", line 25, in <module>
    array =  rss("åªç›íl",int(args[1]))
  File "C:\Users\kose\Downloads\request5\request5\rakuten_rss.py", line 58, in rss
    f.write(dde.request(item).decode("sjis")+ "Å~"+ str(weights[i]))
NameError: name 'weights' is not defined
Traceback (most recent call last):
  File "C:\Users\kose\Downloads\request5\main2.py", line 25, in <module>
    array =  rss("åªç›íl",int(args[1]))
  File "C:\Users\kose\Downloads\request5\request5\rakuten_rss.py", line 58, in rss
    f.write(dde.request(item).decode("sjis")+ "Å~"+ str(weights[i]))
NameError: name 'weights' is not defined
OK
OK2
OK
OK2
OK
OK2
OK
OK2
OK
OK2
OK
OK2
OK
OK2
OK
OK2
OK
OK2
OK
OK2
OK
OK2
OK
OK2
OK
OK2
OK
OK2
OK
OK2
OK
OK2
OK
OK2
OK
OK2
OK
OK2
OK
OK2
OK
OK2
OK
OK2
OK
OK2
OK
OK2
OK
OK
OK2
OK
OK2
OK
OK2
OK
OK2
OK
OK2
OK
OK2
OK
OK2
OK
OK2
OK
OK2
OK
OK2
OK
OK2
OK
OK2
OK
OK2
OK
OK2
OK
OK2
OK
OK2
OK
OK2
OK
OK2
OK
OK2
OK
OK2
OK
OK2
OK
OK2
OK
OK2
OK
OK2
OK
OK2
OK
OK2
OK
OK2
OK
OK2
OK
OK2
OK
OK2
OK
OK2
OK
OK2
OK
OK2
OK
OK2
OK
OK2
OK
OK2
OK
OK2
OK
OK2
OK
OK2
OK
OK2
OK
OK2
OK
OK2
OK
OK2
OK
OK2
OK
OK2
OK
OK2
OK
OK2
OK
OK2
OK
OK2
OK
OK2
OK
OK2
OK
OK2
OK
OK2
OK
OK2
OK
OK2
OK
OK2
OK
OK2
OK
OK2
OK
OK2
OK
OK2
OK
OK2
OK
OK2
OK
OK2
OK
OK2
OK
OK2
OK
OK2
OK
OK2
OK
OK2
OK
OK2
OK
OK2
OK
OK2
OK
OK2
OK
OK2
OK
OK2
OK
OK2
OK
OK2
OK
OK2
OK
OK2
OK
OK2
OK
OK2
OK
OK2
OK
OK2
OK
OK2
OK
OK2
OK
OK2
OK
OK2
OK
OK2
OK
OK2
OK
OK2
OK
OK2
OK
OK2
OK
OK2
OK
OK2
OK
OK2
OK
OK2
OK
OK2
OK
OK2
OK
OK2
OK
OK2
OK
OK2
OK
OK2
OK
OK2
OK
OK2
OK
OK2
OK
OK2
OK
OK2
OK
OK2
OK
OK2
OK
OK2
OK
OK2
OK
OK2
OK
OK2
OK
OK2
OK
OK2
OK
OK2
OK
OK2
OK
OK2
OK
OK2
OK
OK2
OK
OK2
OK
OK2
OK
OK2
OK
OK2
OK
OK2
OK
OK2
OK
OK2
OK
OK2
OK
OK2
OK
OK2
OK
OK2
OK
OK2
OK
OK2
OK
OK2
OK
OK2
OK
OK2
OK
OK2
OK
OK2
OK
OK2
OK
OK2
OK
OK2
OK
OK2
OK
OK2
OK
OK2
OK
OK2
OK
OK2
OK
OK2
OK
OK2
OK
OK2
OK
OK2
OK
OK2
OK
OK2
OK
OK2
OK
OK2
OK
OK2
OK
OK2
OK
OK2
OK
OK2
OK
OK2
OK
OK2
OK
OK2
OK
OK2
OK
OK2
OK
OK2
OK
OK2
OK
OK2
OK
OK2
OK
OK2
OK
OK2
OK
OK2
OK
OK2
OK
OK2
OK
OK2
OK
OK2
OK
OK2
OK
OK2
OK
OK2
OK
OK2
OK
OK2
OK
OK2
OK
OK2
OK
OK2
OK
OK2
OK
OK2
OK
OK2
OK
OK2
OK
OK2
OK
OK2
OK
OK2
OK
OK2
OK
OK2
OK
OK2
OK
OK2
OK
OK2
OK
OK2
OK
OK2
OK
OK2
OK
OK2
OK
OK2
OK
OK2
OK
OK2
OK
OK2
OK
OK2
OK
OK2
OK
OK2
OK
OK2
OK
OK2
OK
OK2
OK
OK2
OK
OK2
OK
OK2
OK
OK2
OK
OK2
OK
OK2
OK
OK2
OK
OK2
OK
OK2
OK
OK2
OK
OK2
OK
OK2
OK
OK2
OK
OK2
OK
OK2
OK
OK2
OK
OK2
OK
OK2
OK
OK2
OK
OK2
OK
OK2
OK
OK2
OK
OK2
OK
OK2
OK
OK2
OK
OK2
OK
OK2
OK
OK2
OK
OK2
OK
OK2
OK
OK2
OK
OK2
OK
OK2
OK
OK2
OK
OK2
OK
OK2
OK
OK2
OK
OK2
OK
OK2
OK
OK2
OK
OK2
OK
OK2
OK
OK2
OK
OK2
OK
OK2
OK
OK2
OK
OK2
OK
OK2
OK
OK2
OK
OK2
OK
OK2
OK
OK2
OK
OK2
OK
OK2
OK
OK2
OK
OK2
OK
OK2
OK
OK2
OK
OK2
OK
OK2
OK
OK2
OK
OK2
OK
OK2
OK
OK2
OK
OK2
OK
OK2
OK
OK2
OK
OK2
OK
OK2
OK
OK2
OK
OK2
OK
OK2
OK
OK2
OK
OK2
OK
OK2
OK
OK2
OK
OK2
OK
OK2
OK
OK2
OK
OK2
OK
OK2
OK
OK2
OK
OK2
OK
OK2
OK
OK2
OK
OK2
OK
OK2
OK
OK2
OK
OK2
OK
OK2
OK
OK2
OK
OK2
OK
OK2
OK
OK2
OK
OK2
OK
OK2
OK
OK2
OK
OK2
OK
OK2
OK
OK2
OK
OK2
OK
OK2
OK
OK2
OK
OK2
OK
OK2
OK
OK2
OK
OK2
OK
OK2
OK
OK2
OK
OK2
OK
OK2
OK
OK2
OK
OK2
OK
OK2
OK
OK2
OK
OK2
OK
OK2
OK
OK2
OK
OK2
OK
OK2
OK
OK2
OK
OK2
OK
OK2
OK
OK2
OK
OK2
OK
OK2
OK
OK2
OK
OK2
OK
OK2
OK
OK2
OK
OK2
OK
OK2
OK
OK2
OK
OK2
OK
OK2
OK
OK2
OK
OK2
OK
OK2
OK
OK2
OK
OK2
OK
OK2
OK
OK2
OK
OK2
OK
OK2
OK
OK2
OK
OK2
OK
OK2
OK
OK2
OK
OK2
OK
OK2
OK
OK2
OK
OK2
OK
OK2
OK
OK2
OK
OK2
OK
OK2
OK
OK2
OK
OK2
OK
OK2
OK
OK2
OK
OK2
OK
OK2
OK
OK2
OK
OK2
OK
OK2
OK
OK2
OK
OK2
OK
OK2
OK
OK2
OK
OK2
OK
OK2
OK
OK2
OK
OK2
OK
OK2
OK
OK2
OK
OK2
OK
OK2
OK
OK2
OK
OK2
OK
OK2
OK
OK2
OK
OK2
OK
OK2
OK
OK2
OK
OK2
OK
OK2
OK
OK2
OK
OK2
OK
OK2
OK
OK2
OK
OK2
OK
OK2
OK
OK2
OK
OK2
OK
OK2
OK
OK2
OK
OK2
OK
OK2
OK
OK2
OK
OK2
OK
OK2
OK
OK2
OK
OK2
OK
OK2
OK
OK2
OK
OK2
OK
OK2
OK
OK2
OK
OK2
OK
OK2
OK
OK2
OK
OK2
OK
OK2
OK
OK2
OK
OK2
OK
OK2
OK
OK2
OK
OK2
OK
OK2
OK
OK2
OK
OK2
OK
OK2
OK
OK2
OK
OK2
OK
OK2
OK
OK2
OK
OK2
OK
OK2
OK
OK2
OK
OK2
OK
OK2
OK
OK2
OK
OK2
OK
OK2
OK
OK2
OK
OK2
OK
OK2
OK
OK2
OK
OK2
OK
OK2
OK
OK2
OK
OK2
OK
OK2
OK
OK2
OK
OK2
OK
OK2
OK
OK2
OK
OK2
OK
OK2
OK
OK2
OK
OK2
OK
OK2
OK
OK2
OK
OK2
OK
OK2
OK
OK2
OK
OK2
OK
OK2
OK
OK2
OK
OK2
OK
OK2
OK
OK2
OK
OK2
OK
OK2
OK
OK2
OK
OK2
OK
OK2
OK
OK2
OK
OK2
OK
OK2
OK
OK2
OK
OK2
OK
OK2
OK
OK2
OK
OK2
OK
OK2
OK
OK2
OK
OK2
OK
OK2
OK
OK2
OK
OK2
OK
OK2
OK
OK2
OK
OK2
OK
OK2
OK
OK2
OK
OK2
OK
OK2
OK
OK2
OK
OK2
OK
OK2
OK
OK2
OK
OK2
OK
OK2
OK
OK2
OK
OK2
OK
OK2
OK
OK2
OK
OK2
OK
OK2
OK
OK2
OK
OK2
OK
OK2
OK
OK2
OK
OK2
OK
OK2
OK
OK2
OK
OK2
OK
OK2
OK
OK2
OK
OK2
OK
OK2
OK
OK2
OK
OK2
OK
OK2
OK
OK2
OK
OK2
OK
OK2
OK
OK2
OK
OK2
OK
OK2
OK
OK2
OK
OK2
OK
OK2
OK
OK2
OK
OK2
OK
OK2
OK
OK2
OK
OK2
OK
OK2
OK
OK2
OK
OK2
OK
OK2
OK
OK2
OK
OK2
OK
OK2
OK
OK2
OK
OK2
OK
OK2
OK
OK2
OK
OK2
OK
OK2
OK
OK2
OK
OK2
OK
OK2
OK
OK2
OK
OK2
OK
OK2
OK
OK2
OK
OK2
OK
OK2
OK
OK2
OK
OK2
OK
OK2
OK
OK2
OK
OK2
OK
OK2
OK
OK2
OK
OK2
OK
OK2
OK
OK2
OK
OK2
OK
OK2
OK
OK2
OK
OK2
OK
OK2
OK
OK2
OK
OK2
OK
OK2
OK
OK2
OK
OK2
OK
OK2
OK
OK2
OK
OK2
OK
OK2
OK
OK2
OK
OK2
OK
OK2
OK
OK2
OK
OK2
OK
OK2
OK
OK2
OK
OK2
OK
OK2
OK
OK2
OK
OK2
OK
OK2
OK
OK2
OK
OK2
OK
OK2
OK
OK2
OK
OK2
OK
OK2
OK
OK2
OK
OK2
OK
OK2
OK
OK2
OK
OK2
OK
OK2
OK
OK2
OK
OK2
OK
OK2
OK
OK2
OK
OK2
OK
OK2
OK
OK2
OK
OK2
OK
OK2
OK
OK2
OK
OK2
OK
OK2
OK
OK2
OK
OK2
OK
OK2
OK
OK2
OK
OK2
OK
OK2
OK
OK2
OK
OK2
OK
OK2
OK
OK2
OK
OK2
OK
OK2
OK
OK2
OK
OK2
OK
OK2
OK
OK2
OK
OK2
OK
OK2
OK
OK2
OK
OK2
OK
OK2
OK
OK2
OK
OK2
OK
OK2
OK
OK2
OK
OK2
OK
OK2
OK
OK2
OK
OK2
OK
OK2
OK
OK2
OK
OK2
OK
OK2
OK
OK2
OK
OK2
OK
OK2
OK
OK2
OK
OK2
OK
OK2
OK
OK2
OK
OK2
OK
OK2
OK
OK2
OK
OK2
OK
OK2
OK
OK2
OK
OK2
OK
OK2
OK
OK2
OK
OK2
OK
OK2
OK
OK2
OK
OK2
OK
OK2
OK
OK2
OK
OK2
OK
OK2
OK
OK2
OK
OK2
OK
OK2
OK
OK2
OK
OK2
OK
OK2
OK
OK2
OK
OK2
OK
OK2
OK
OK2
OK
OK2
OK
OK2
OK
OK2
OK
OK2
OK
OK2
OK
OK2
OK
OK2
OK
OK2
OK
OK2
OK
OK2
OK
OK2
OK
OK2
OK
OK2
OK
OK2
OK
OK2
OK
OK2
OK
OK2
OK
OK2
OK
OK2
OK
OK2
OK
OK2
OK
OK2
OK
OK2
OK
OK2
OK
OK2
OK
OK2
OK
OK2
OK
OK2
OK
OK2
OK
OK2
OK
OK2
OK
OK2
OK
OK2
OK
OK2
OK
OK2
OK
OK2
OK
OK2
OK
OK2
OK
OK2
OK
OK2
OK
OK2
OK
OK2
OK
OK2
OK
OK2
OK
OK2
OK
OK2
OK
OK2
OK
OK2
OK
OK2
OK
OK2
OK
OK2
OK
OK2
OK
OK2
OK
OK2
OK
OK2
OK
OK2
OK
OK2
OK
OK2
OK
OK2
OK
OK2
OK
OK2
OK
OK2
OK
OK2
OK
OK2
OK
OK2
OK
OK2
OK
OK2
OK
OK2
OK
OK2
OK
OK2
OK
OK2
OK
OK2
OK
OK2
OK
OK2
OK
OK2
OK
OK2
OK
OK2
OK
OK2
OK
OK2
OK
OK2
OK
OK2
OK
OK2
OK
OK2
OK
OK2
OK
OK2
OK
OK2
OK
OK2
OK
OK2
OK
OK2
OK
OK2
OK
OK2
OK
OK2
OK
OK2
OK
OK2
OK
OK2
OK
OK2
OK
OK2
OK
OK2
OK
OK2
OK
OK2
OK
OK2
OK
OK2
OK
OK2
OK
OK2
OK
OK2
OK
OK2
OK
OK2
OK
OK2
OK
OK2
OK
OK2
OK
OK2
OK
OK2
OK
OK2
OK
OK2
OK
OK2
OK
OK2
OK
OK2
OK
OK2
OK
OK2
OK
OK2
OK
OK2
OK
OK2
OK
OK2
OK
OK2
OK
OK2
OK
OK2
OK
OK2
OK
OK2
OK
OK2
OK
OK2
OK
OK2
OK
OK2
OK
OK2
OK
OK2
OK
OK2
OK
OK2
OK
OK2
OK
OK2
OK
OK2
OK
OK2
OK
OK2
OK
OK2
OK
OK2
OK
OK2
OK
OK2
OK
OK2
OK
OK2
OK
OK2
OK
OK2
OK
OK2
OK
OK2
OK
OK2
OK
OK2
OK
OK2
OK
OK2
OK
OK2
OK
OK2
OK
OK2
OK
OK2
OK
OK2
OK
OK2
OK
OK2
OK
OK2
OK
OK2
OK
OK2
OK
OK2
OK
OK2
OK
OK2
OK
OK2
OK
OK2
OK
OK2
OK
OK2
OK
OK2
OK
OK2
OK
OK2
OK
OK2
OK
OK2
OK
OK2
OK
OK2
OK
OK2
OK
OK2
OK
OK2
OK
OK2
OK
OK2
OK
OK2
OK
OK2
OK
OK2
OK
OK2
OK
OK2
OK
OK2
OK
OK2
OK
OK2
OK
OK2
OK
OK2
OK
OK2
OK
OK2
OK
OK2
OK
OK2
OK
OK2
OK
OK2
OK
1
2
0.33890000000000003
0.33890000000000003
3.1707
3.1707
3.1707
3.1707
3.1707
3.1707
Traceback (most recent call last):
  File "C:\Users\kose\Downloads\request5\request5\rakuten_rss.py", line 57, in rss
    dde.request(item).decode("sjis")
  File "C:\Users\kose\Downloads\request5\lib\ddeclient.py", line 333, in request
    raise DDEError("Unable to request item", self._idInst)
lib.ddeclient.DDEError: Unable to request item (err=0x4009)

During handling of the above exception, another exception occurred:

Traceback (most recent call last):
  File "C:\Users\kose\Downloads\request5\main2.py", line 25, in <module>
    array =  rss("åªç›íl",int(args[1]))
  File "C:\Users\kose\Downloads\request5\request5\rakuten_rss.py", line 60, in rss
    f.write("E"+dde.request(item).decode("sjis")+ ":"+ str(indexes["TOPIXÇ…êËÇﬂÇÈå¬ï ñ¡ïøÇÃÉEÉFÉCÉg"][i]))
  File "C:\Users\kose\Downloads\request5\lib\ddeclient.py", line 333, in request
    raise DDEError("Unable to request item", self._idInst)
lib.ddeclient.DDEError: Unable to request item (err=0x4009)
Traceback (most recent call last):
  File "C:\Users\kose\Downloads\request5\request5\rakuten_rss.py", line 57, in rss
    dde.request(item).decode("sjis")
  File "C:\Users\kose\Downloads\request5\lib\ddeclient.py", line 333, in request
    raise DDEError("Unable to request item", self._idInst)
lib.ddeclient.DDEError: Unable to request item (err=0x4009)

During handling of the above exception, another exception occurred:

Traceback (most recent call last):
  File "C:\Users\kose\Downloads\request5\main2.py", line 25, in <module>
    array =  rss("åªç›íl",int(args[1]))
  File "C:\Users\kose\Downloads\request5\request5\rakuten_rss.py", line 60, in rss
    f.write("E"+dde.request(item).decode("sjis")+ ":"+ str(indexes["TOPIXÇ…êËÇﬂÇÈå¬ï ñ¡ïøÇÃÉEÉFÉCÉg"][i]))
  File "C:\Users\kose\Downloads\request5\lib\ddeclient.py", line 333, in request
    raise DDEError("Unable to request item", self._idInst)
lib.ddeclient.DDEError: Unable to request item (err=0x4009)
Traceback (most recent call last):
  File "C:\Users\kose\Downloads\request5\request5\rakuten_rss.py", line 57, in rss
    dde.request(item).decode("sjis")
  File "C:\Users\kose\Downloads\request5\lib\ddeclient.py", line 333, in request
    raise DDEError("Unable to request item", self._idInst)
lib.ddeclient.DDEError: Unable to request item (err=0x4009)

During handling of the above exception, another exception occurred:

Traceback (most recent call last):
  File "C:\Users\kose\Downloads\request5\main2.py", line 25, in <module>
    array =  rss("åªç›íl",int(args[1]))
  File "C:\Users\kose\Downloads\request5\request5\rakuten_rss.py", line 60, in rss
    f.write("E"+dde.request(item).decode("sjis")+ ":"+ str(indexes["TOPIXÇ…êËÇﬂÇÈå¬ï ñ¡ïøÇÃÉEÉFÉCÉg"][i]))
  File "C:\Users\kose\Downloads\request5\lib\ddeclient.py", line 333, in request
    raise DDEError("Unable to request item", self._idInst)
lib.ddeclient.DDEError: Unable to request item (err=0x4009)
Traceback (most recent call last):
  File "C:\Users\kose\Downloads\request5\request5\rakuten_rss.py", line 57, in rss
    dde.request(item).decode("sjis")
  File "C:\Users\kose\Downloads\request5\lib\ddeclient.py", line 333, in request
    raise DDEError("Unable to request item", self._idInst)
lib.ddeclient.DDEError: Unable to request item (err=0x4009)

During handling of the above exception, another exception occurred:

Traceback (most recent call last):
  File "C:\Users\kose\Downloads\request5\main2.py", line 25, in <module>
    array =  rss("åªç›íl",int(args[1]))
  File "C:\Users\kose\Downloads\request5\request5\rakuten_rss.py", line 60, in rss
    f.write("E"+dde.request(item).decode("sjis")+ ":"+ str(indexes["TOPIXÇ…êËÇﬂÇÈå¬ï ñ¡ïøÇÃÉEÉFÉCÉg"][i]))
  File "C:\Users\kose\Downloads\request5\lib\ddeclient.py", line 333, in request
    raise DDEError("Unable to request item", self._idInst)
lib.ddeclient.DDEError: Unable to request item (err=0x4009)
